============================================================
Vidage complet de toutes les tables
============================================================
>> Desactivation des contraintes...

Procťdure PL/SQL terminťe avec succŤs.

>> Contraintes desactivees.
>> Vidage des tables...

Table tronquťe.

>> LOG_COMMANDES videe.

Table tronquťe.

>> LIVRAISONS videe.

Table tronquťe.

>> PAIEMENTS videe.

Table tronquťe.

>> LIGNES_COMMANDE videe.

Table tronquťe.

>> COMMANDES videe.

Table tronquťe.

>> PRODUITS videe.

Table tronquťe.

>> CLIENTS videe.

Table tronquťe.

>> FOURNISSEURS videe.

Table tronquťe.

>> CATEGORIES videe.
>> Reactivation des contraintes...

Procťdure PL/SQL terminťe avec succŤs.

>> Contraintes reactivees.

Validation effectuťe.

============================================================
Vidage termine avec succes !
============================================================

Procťdure PL/SQL terminťe avec succŤs.


Sťquence crťťe.


Sťquence crťťe.


Sťquence crťťe.


Sťquence crťťe.


Sťquence crťťe.


Sťquence crťťe.


Sťquence crťťe.


Sťquence crťťe.


Validation effectuťe.

============================================================
Insertion des donnees de base
============================================================

1 ligne crťťe.


1 ligne crťťe.


1 ligne crťťe.


1 ligne crťťe.


1 ligne crťťe.


1 ligne crťťe.


1 ligne crťťe.


1 ligne crťťe.


Validation effectuťe.

>> 8 categories inserees.

1 ligne crťťe.


1 ligne crťťe.


1 ligne crťťe.


1 ligne crťťe.


1 ligne crťťe.


1 ligne crťťe.


Validation effectuťe.

>> 6 fournisseurs inseres.

1 ligne crťťe.


1 ligne crťťe.


1 ligne crťťe.


1 ligne crťťe.


1 ligne crťťe.


1 ligne crťťe.


1 ligne crťťe.


1 ligne crťťe.


1 ligne crťťe.


1 ligne crťťe.


1 ligne crťťe.


1 ligne crťťe.


1 ligne crťťe.


1 ligne crťťe.


1 ligne crťťe.


1 ligne crťťe.


1 ligne crťťe.


1 ligne crťťe.


1 ligne crťťe.


1 ligne crťťe.


Validation effectuťe.

>> 20 produits inseres.

1 ligne crťťe.


1 ligne crťťe.


1 ligne crťťe.


1 ligne crťťe.


1 ligne crťťe.


1 ligne crťťe.


1 ligne crťťe.


1 ligne crťťe.


1 ligne crťťe.


1 ligne crťťe.


1 ligne crťťe.


1 ligne crťťe.


1 ligne crťťe.


1 ligne crťťe.


1 ligne crťťe.


Validation effectuťe.

>> 15 clients inseres.

1 ligne crťťe.


1 ligne crťťe.


1 ligne crťťe.


1 ligne crťťe.


1 ligne crťťe.


1 ligne crťťe.


1 ligne crťťe.


1 ligne crťťe.


1 ligne crťťe.


1 ligne crťťe.


1 ligne crťťe.


1 ligne crťťe.


Validation effectuťe.

>> 12 commandes inserees.
VALUES (SEQ_LIGNES_COMMANDE.NEXTVAL, 1000, 1, 1, 750000)
        *
ERREUR ŗ la ligne 2 :
ORA-04091: la table ECOM.LIGNES_COMMANDE est en mutation ; le dťclencheur ou la
fonction ne peut la voir
ORA-06512: ŗ "ECOM.TRG_MAJ_MONTANT_COMMANDE", ligne 3
ORA-04088: erreur lors d'exťcution du dťclencheur
'ECOM.TRG_MAJ_MONTANT_COMMANDE'


VALUES (SEQ_LIGNES_COMMANDE.NEXTVAL, 1000, 2, 2, 180000)
        *
ERREUR ŗ la ligne 2 :
ORA-04091: la table ECOM.LIGNES_COMMANDE est en mutation ; le dťclencheur ou la
fonction ne peut la voir
ORA-06512: ŗ "ECOM.TRG_MAJ_MONTANT_COMMANDE", ligne 3
ORA-04088: erreur lors d'exťcution du dťclencheur
'ECOM.TRG_MAJ_MONTANT_COMMANDE'


VALUES (SEQ_LIGNES_COMMANDE.NEXTVAL, 1001, 3, 1, 2500000)
        *
ERREUR ŗ la ligne 2 :
ORA-04091: la table ECOM.LIGNES_COMMANDE est en mutation ; le dťclencheur ou la
fonction ne peut la voir
ORA-06512: ŗ "ECOM.TRG_MAJ_MONTANT_COMMANDE", ligne 3
ORA-04088: erreur lors d'exťcution du dťclencheur
'ECOM.TRG_MAJ_MONTANT_COMMANDE'


VALUES (SEQ_LIGNES_COMMANDE.NEXTVAL, 1001, 4, 1, 65000)
        *
ERREUR ŗ la ligne 2 :
ORA-04091: la table ECOM.LIGNES_COMMANDE est en mutation ; le dťclencheur ou la
fonction ne peut la voir
ORA-06512: ŗ "ECOM.TRG_MAJ_MONTANT_COMMANDE", ligne 3
ORA-04088: erreur lors d'exťcution du dťclencheur
'ECOM.TRG_MAJ_MONTANT_COMMANDE'


VALUES (SEQ_LIGNES_COMMANDE.NEXTVAL, 1002, 5, 1, 120000)
        *
ERREUR ŗ la ligne 2 :
ORA-04091: la table ECOM.LIGNES_COMMANDE est en mutation ; le dťclencheur ou la
fonction ne peut la voir
ORA-06512: ŗ "ECOM.TRG_MAJ_MONTANT_COMMANDE", ligne 3
ORA-04088: erreur lors d'exťcution du dťclencheur
'ECOM.TRG_MAJ_MONTANT_COMMANDE'


VALUES (SEQ_LIGNES_COMMANDE.NEXTVAL, 1002, 6, 3, 25000)
        *
ERREUR ŗ la ligne 2 :
ORA-04091: la table ECOM.LIGNES_COMMANDE est en mutation ; le dťclencheur ou la
fonction ne peut la voir
ORA-06512: ŗ "ECOM.TRG_MAJ_MONTANT_COMMANDE", ligne 3
ORA-04088: erreur lors d'exťcution du dťclencheur
'ECOM.TRG_MAJ_MONTANT_COMMANDE'


VALUES (SEQ_LIGNES_COMMANDE.NEXTVAL, 1003, 7, 2, 75000)
        *
ERREUR ŗ la ligne 2 :
ORA-04091: la table ECOM.LIGNES_COMMANDE est en mutation ; le dťclencheur ou la
fonction ne peut la voir
ORA-06512: ŗ "ECOM.TRG_MAJ_MONTANT_COMMANDE", ligne 3
ORA-04088: erreur lors d'exťcution du dťclencheur
'ECOM.TRG_MAJ_MONTANT_COMMANDE'


VALUES (SEQ_LIGNES_COMMANDE.NEXTVAL, 1003, 8, 1, 320000)
        *
ERREUR ŗ la ligne 2 :
ORA-04091: la table ECOM.LIGNES_COMMANDE est en mutation ; le dťclencheur ou la
fonction ne peut la voir
ORA-06512: ŗ "ECOM.TRG_MAJ_MONTANT_COMMANDE", ligne 3
ORA-04088: erreur lors d'exťcution du dťclencheur
'ECOM.TRG_MAJ_MONTANT_COMMANDE'


VALUES (SEQ_LIGNES_COMMANDE.NEXTVAL, 1004, 10, 2, 185000)
        *
ERREUR ŗ la ligne 2 :
ORA-04091: la table ECOM.LIGNES_COMMANDE est en mutation ; le dťclencheur ou la
fonction ne peut la voir
ORA-06512: ŗ "ECOM.TRG_MAJ_MONTANT_COMMANDE", ligne 3
ORA-04088: erreur lors d'exťcution du dťclencheur
'ECOM.TRG_MAJ_MONTANT_COMMANDE'


VALUES (SEQ_LIGNES_COMMANDE.NEXTVAL, 1004, 11, 1, 45000)
        *
ERREUR ŗ la ligne 2 :
ORA-04091: la table ECOM.LIGNES_COMMANDE est en mutation ; le dťclencheur ou la
fonction ne peut la voir
ORA-06512: ŗ "ECOM.TRG_MAJ_MONTANT_COMMANDE", ligne 3
ORA-04088: erreur lors d'exťcution du dťclencheur
'ECOM.TRG_MAJ_MONTANT_COMMANDE'


VALUES (SEQ_LIGNES_COMMANDE.NEXTVAL, 1005, 19, 1, 890000)
        *
ERREUR ŗ la ligne 2 :
ORA-04091: la table ECOM.LIGNES_COMMANDE est en mutation ; le dťclencheur ou la
fonction ne peut la voir
ORA-06512: ŗ "ECOM.TRG_MAJ_MONTANT_COMMANDE", ligne 3
ORA-04088: erreur lors d'exťcution du dťclencheur
'ECOM.TRG_MAJ_MONTANT_COMMANDE'


VALUES (SEQ_LIGNES_COMMANDE.NEXTVAL, 1005, 20, 2, 35000)
        *
ERREUR ŗ la ligne 2 :
ORA-04091: la table ECOM.LIGNES_COMMANDE est en mutation ; le dťclencheur ou la
fonction ne peut la voir
ORA-06512: ŗ "ECOM.TRG_MAJ_MONTANT_COMMANDE", ligne 3
ORA-04088: erreur lors d'exťcution du dťclencheur
'ECOM.TRG_MAJ_MONTANT_COMMANDE'


VALUES (SEQ_LIGNES_COMMANDE.NEXTVAL, 1006, 16, 3, 28000)
        *
ERREUR ŗ la ligne 2 :
ORA-04091: la table ECOM.LIGNES_COMMANDE est en mutation ; le dťclencheur ou la
fonction ne peut la voir
ORA-06512: ŗ "ECOM.TRG_MAJ_MONTANT_COMMANDE", ligne 3
ORA-04088: erreur lors d'exťcution du dťclencheur
'ECOM.TRG_MAJ_MONTANT_COMMANDE'


VALUES (SEQ_LIGNES_COMMANDE.NEXTVAL, 1007, 14, 2, 95000)
        *
ERREUR ŗ la ligne 2 :
ORA-04091: la table ECOM.LIGNES_COMMANDE est en mutation ; le dťclencheur ou la
fonction ne peut la voir
ORA-06512: ŗ "ECOM.TRG_MAJ_MONTANT_COMMANDE", ligne 3
ORA-04088: erreur lors d'exťcution du dťclencheur
'ECOM.TRG_MAJ_MONTANT_COMMANDE'


VALUES (SEQ_LIGNES_COMMANDE.NEXTVAL, 1008, 9, 1, 85000)
        *
ERREUR ŗ la ligne 2 :
ORA-04091: la table ECOM.LIGNES_COMMANDE est en mutation ; le dťclencheur ou la
fonction ne peut la voir
ORA-06512: ŗ "ECOM.TRG_MAJ_MONTANT_COMMANDE", ligne 3
ORA-04088: erreur lors d'exťcution du dťclencheur
'ECOM.TRG_MAJ_MONTANT_COMMANDE'


VALUES (SEQ_LIGNES_COMMANDE.NEXTVAL, 1009, 17, 1, 220000)
        *
ERREUR ŗ la ligne 2 :
ORA-04091: la table ECOM.LIGNES_COMMANDE est en mutation ; le dťclencheur ou la
fonction ne peut la voir
ORA-06512: ŗ "ECOM.TRG_MAJ_MONTANT_COMMANDE", ligne 3
ORA-04088: erreur lors d'exťcution du dťclencheur
'ECOM.TRG_MAJ_MONTANT_COMMANDE'


VALUES (SEQ_LIGNES_COMMANDE.NEXTVAL, 1010, 18, 5, 18000)
        *
ERREUR ŗ la ligne 2 :
ORA-04091: la table ECOM.LIGNES_COMMANDE est en mutation ; le dťclencheur ou la
fonction ne peut la voir
ORA-06512: ŗ "ECOM.TRG_MAJ_MONTANT_COMMANDE", ligne 3
ORA-04088: erreur lors d'exťcution du dťclencheur
'ECOM.TRG_MAJ_MONTANT_COMMANDE'



Validation effectuťe.

>> 17 lignes de commande inserees.

12 lignes mises ŗ jour.


Validation effectuťe.

>> Montants totaux mis a jour.

1 ligne crťťe.


1 ligne crťťe.


1 ligne crťťe.


1 ligne crťťe.


1 ligne crťťe.


1 ligne crťťe.


Validation effectuťe.

>> 6 paiements inseres.

1 ligne crťťe.


1 ligne crťťe.


1 ligne crťťe.


Validation effectuťe.

>> 3 livraisons inserees.
============================================================
Insertion des donnees de base terminee !
============================================================
SP2-0042: commande inconnue "rxit" - reste de la ligne ignorť.
============================================================
Generation de donnees aleatoires
============================================================
>> Desactivation des triggers...

Procťdure PL/SQL terminťe avec succŤs.


Procťdure PL/SQL terminťe avec succŤs.

>> Generation des categories...
>> 1 categories aleatoires ajoutees

Procťdure PL/SQL terminťe avec succŤs.

>> Generation des fournisseurs...
>> 1 fournisseurs aleatoires ajoutes

Procťdure PL/SQL terminťe avec succŤs.

>> Generation des produits...
>> 1 produits aleatoires ajoutes

Procťdure PL/SQL terminťe avec succŤs.

>> Generation des clients...
>> 1 clients aleatoires ajoutes

Procťdure PL/SQL terminťe avec succŤs.

>> Generation des commandes...
>> 1 commandes aleatoires ajoutees

Procťdure PL/SQL terminťe avec succŤs.

>> Generation des lignes de commande...
>> 500 lignes de commande aleatoires ajoutees

Procťdure PL/SQL terminťe avec succŤs.

>> Mise a jour des montants totaux...
>> Montants totaux mis a jour

Procťdure PL/SQL terminťe avec succŤs.

>> Generation des paiements...
>> 150 paiements aleatoires ajoutes

Procťdure PL/SQL terminťe avec succŤs.

>> Reactivation des triggers...

Procťdure PL/SQL terminťe avec succŤs.


Procťdure PL/SQL terminťe avec succŤs.

>> Rafraichissement des vues materialisees...
>> Vues materialisees rafraichies

Procťdure PL/SQL terminťe avec succŤs.

============================================================
GENERATION ALEATOIRE TERMINEE !
============================================================
Rafra√ģchissement de MV_CA_PAR_MOIS...

Procťdure PL/SQL terminťe avec succŤs.

Rafra√ģchissement de MV_TOP_PRODUITS...

Procťdure PL/SQL terminťe avec succŤs.

Rafra√ģchissement de MV_STATS_CLIENTS...

Procťdure PL/SQL terminťe avec succŤs.

Toutes les vues mat√©rialis√©es ont √©t√© rafra√ģchies.
