
Procťdure PL/SQL terminťe avec succŤs.


Table tronquťe.


Table tronquťe.


Table tronquťe.


Table tronquťe.


Table tronquťe.


Table tronquťe.


Table tronquťe.


Table tronquťe.


Table tronquťe.


Procťdure PL/SQL terminťe avec succŤs.


Validation effectuťe.


Procťdure PL/SQL terminťe avec succŤs.


Sťquence crťťe.


Sťquence crťťe.


Sťquence crťťe.


Sťquence crťťe.


Sťquence crťťe.


Sťquence crťťe.


Sťquence crťťe.


Sťquence crťťe.


Validation effectuťe.


1 ligne crťťe.


1 ligne crťťe.


1 ligne crťťe.


1 ligne crťťe.


1 ligne crťťe.


1 ligne crťťe.


1 ligne crťťe.


1 ligne crťťe.


1 ligne crťťe.


1 ligne crťťe.


1 ligne crťťe.


1 ligne crťťe.


1 ligne crťťe.


1 ligne crťťe.


1 ligne crťťe.


1 ligne crťťe.


1 ligne crťťe.


1 ligne crťťe.


1 ligne mise ŗ jour.


1 ligne crťťe.


1 ligne crťťe.


Validation effectuťe.

>> 1 categories aleatoires ajoutees

Procťdure PL/SQL terminťe avec succŤs.

>> 1 fournisseurs aleatoires ajoutes

Procťdure PL/SQL terminťe avec succŤs.

>> 1 produits aleatoires ajoutes

Procťdure PL/SQL terminťe avec succŤs.

>> 1 clients aleatoires ajoutes

Procťdure PL/SQL terminťe avec succŤs.

BEGIN
*
ERREUR ŗ la ligne 1 :
ORA-02291: violation de contrainte d'intťgritť (ECOM.FK_CMD_CLIENT) - clť
parent introuvable
ORA-06512: ŗ ligne 3


	INSERT INTO LIGNES_COMMANDE VALUES (SEQ_LIGNES_COMMANDE.NEXTVAL, TRUNC(DBMS_RANDOM.VALUE(1000,1201)), TRUNC(DBMS_RANDOM.VALUE(1,71)), TRUNC(DBMS_RANDOM.VALUE(1,10)), ROUND(DBMS_RANDOM.VALUE(500,500000),-2));
                    *
ERREUR ŗ la ligne 3 :
ORA-06550: Ligne 3, colonne 21 :
PL/SQL: ORA-00947: nombre de valeurs insuffisant
ORA-06550: Ligne 3, colonne 9 :
PL/SQL: SQL Statement ignored


>> Montants totaux mis a jour

Procťdure PL/SQL terminťe avec succŤs.

BEGIN
*
ERREUR ŗ la ligne 1 :
ORA-02291: violation de contrainte d'intťgritť (ECOM.FK_PAIE_CMD) - clť parent
introuvable
ORA-06512: ŗ ligne 3



Procťdure PL/SQL terminťe avec succŤs.


Procťdure PL/SQL terminťe avec succŤs.


Procťdure PL/SQL terminťe avec succŤs.

============================================================
GENERATION ALEATOIRE TERMINEE !
============================================================
^C